{"/Users/danielgawne/Documents/projects/fullstackopen/part5/src/App.js": {"path":"/Users/danielgawne/Documents/projects/fullstackopen/part5/src/App.js","statementMap":{"0":{"start":{"line":21,"column":12},"end":{"line":251,"column":1}},"1":{"start":{"line":22,"column":28},"end":{"line":22,"column":40}},"2":{"start":{"line":23,"column":34},"end":{"line":23,"column":46}},"3":{"start":{"line":24,"column":34},"end":{"line":24,"column":46}},"4":{"start":{"line":25,"column":26},"end":{"line":25,"column":40}},"5":{"start":{"line":27,"column":42},"end":{"line":27,"column":56}},"6":{"start":{"line":31,"column":2},"end":{"line":33,"column":9}},"7":{"start":{"line":32,"column":4},"end":{"line":32,"column":58}},"8":{"start":{"line":32,"column":41},"end":{"line":32,"column":56}},"9":{"start":{"line":36,"column":2},"end":{"line":38,"column":21}},"10":{"start":{"line":37,"column":4},"end":{"line":37,"column":58}},"11":{"start":{"line":37,"column":41},"end":{"line":37,"column":56}},"12":{"start":{"line":40,"column":2},"end":{"line":47,"column":9}},"13":{"start":{"line":41,"column":27},"end":{"line":41,"column":75}},"14":{"start":{"line":42,"column":4},"end":{"line":46,"column":5}},"15":{"start":{"line":43,"column":19},"end":{"line":43,"column":45}},"16":{"start":{"line":44,"column":6},"end":{"line":44,"column":20}},"17":{"start":{"line":45,"column":6},"end":{"line":45,"column":39}},"18":{"start":{"line":49,"column":22},"end":{"line":74,"column":3}},"19":{"start":{"line":50,"column":4},"end":{"line":50,"column":27}},"20":{"start":{"line":51,"column":4},"end":{"line":73,"column":5}},"21":{"start":{"line":52,"column":19},"end":{"line":55,"column":8}},"22":{"start":{"line":57,"column":6},"end":{"line":57,"column":77}},"23":{"start":{"line":59,"column":6},"end":{"line":59,"column":39}},"24":{"start":{"line":60,"column":6},"end":{"line":60,"column":20}},"25":{"start":{"line":61,"column":6},"end":{"line":61,"column":35}},"26":{"start":{"line":62,"column":6},"end":{"line":64,"column":15}},"27":{"start":{"line":63,"column":8},"end":{"line":63,"column":30}},"28":{"start":{"line":66,"column":6},"end":{"line":66,"column":22}},"29":{"start":{"line":67,"column":6},"end":{"line":67,"column":22}},"30":{"start":{"line":69,"column":6},"end":{"line":69,"column":43}},"31":{"start":{"line":70,"column":6},"end":{"line":72,"column":15}},"32":{"start":{"line":71,"column":8},"end":{"line":71,"column":30}},"33":{"start":{"line":76,"column":23},"end":{"line":82,"column":3}},"34":{"start":{"line":77,"column":4},"end":{"line":77,"column":27}},"35":{"start":{"line":78,"column":4},"end":{"line":78,"column":56}},"36":{"start":{"line":79,"column":4},"end":{"line":79,"column":18}},"37":{"start":{"line":80,"column":4},"end":{"line":80,"column":20}},"38":{"start":{"line":81,"column":4},"end":{"line":81,"column":20}},"39":{"start":{"line":84,"column":18},"end":{"line":110,"column":3}},"40":{"start":{"line":86,"column":4},"end":{"line":109,"column":5}},"41":{"start":{"line":92,"column":6},"end":{"line":92,"column":45}},"42":{"start":{"line":93,"column":22},"end":{"line":93,"column":58}},"43":{"start":{"line":94,"column":6},"end":{"line":94,"column":36}},"44":{"start":{"line":95,"column":6},"end":{"line":95,"column":62}},"45":{"start":{"line":96,"column":6},"end":{"line":98,"column":15}},"46":{"start":{"line":97,"column":8},"end":{"line":97,"column":30}},"47":{"start":{"line":105,"column":6},"end":{"line":105,"column":44}},"48":{"start":{"line":106,"column":6},"end":{"line":108,"column":15}},"49":{"start":{"line":107,"column":8},"end":{"line":107,"column":30}},"50":{"start":{"line":112,"column":21},"end":{"line":129,"column":3}},"51":{"start":{"line":113,"column":4},"end":{"line":128,"column":5}},"52":{"start":{"line":114,"column":6},"end":{"line":114,"column":40}},"53":{"start":{"line":116,"column":6},"end":{"line":116,"column":58}},"54":{"start":{"line":120,"column":6},"end":{"line":122,"column":15}},"55":{"start":{"line":121,"column":8},"end":{"line":121,"column":30}},"56":{"start":{"line":124,"column":6},"end":{"line":124,"column":45}},"57":{"start":{"line":125,"column":6},"end":{"line":127,"column":15}},"58":{"start":{"line":126,"column":8},"end":{"line":126,"column":30}},"59":{"start":{"line":131,"column":22},"end":{"line":148,"column":3}},"60":{"start":{"line":132,"column":4},"end":{"line":147,"column":5}},"61":{"start":{"line":133,"column":6},"end":{"line":133,"column":28}},"62":{"start":{"line":134,"column":23},"end":{"line":134,"column":71}},"63":{"start":{"line":136,"column":6},"end":{"line":138,"column":8}},"64":{"start":{"line":139,"column":6},"end":{"line":141,"column":15}},"65":{"start":{"line":140,"column":8},"end":{"line":140,"column":30}},"66":{"start":{"line":143,"column":6},"end":{"line":143,"column":45}},"67":{"start":{"line":144,"column":6},"end":{"line":146,"column":15}},"68":{"start":{"line":145,"column":8},"end":{"line":145,"column":30}},"69":{"start":{"line":150,"column":22},"end":{"line":165,"column":3}},"70":{"start":{"line":151,"column":4},"end":{"line":164,"column":10}},"71":{"start":{"line":167,"column":19},"end":{"line":219,"column":3}},"72":{"start":{"line":168,"column":4},"end":{"line":218,"column":10}},"73":{"start":{"line":170,"column":24},"end":{"line":170,"column":41}},"74":{"start":{"line":172,"column":10},"end":{"line":216,"column":16}},"75":{"start":{"line":190,"column":31},"end":{"line":190,"column":48}},"76":{"start":{"line":204,"column":20},"end":{"line":208,"column":21}},"77":{"start":{"line":207,"column":22},"end":{"line":207,"column":39}},"78":{"start":{"line":221,"column":22},"end":{"line":221,"column":30}},"79":{"start":{"line":223,"column":2},"end":{"line":250,"column":4}}},"fnMap":{"0":{"name":"(anonymous_0)","decl":{"start":{"line":21,"column":12},"end":{"line":21,"column":13}},"loc":{"start":{"line":21,"column":18},"end":{"line":251,"column":1}},"line":21},"1":{"name":"(anonymous_1)","decl":{"start":{"line":31,"column":12},"end":{"line":31,"column":13}},"loc":{"start":{"line":31,"column":18},"end":{"line":33,"column":3}},"line":31},"2":{"name":"(anonymous_2)","decl":{"start":{"line":32,"column":30},"end":{"line":32,"column":31}},"loc":{"start":{"line":32,"column":41},"end":{"line":32,"column":56}},"line":32},"3":{"name":"(anonymous_3)","decl":{"start":{"line":36,"column":12},"end":{"line":36,"column":13}},"loc":{"start":{"line":36,"column":18},"end":{"line":38,"column":3}},"line":36},"4":{"name":"(anonymous_4)","decl":{"start":{"line":37,"column":30},"end":{"line":37,"column":31}},"loc":{"start":{"line":37,"column":41},"end":{"line":37,"column":56}},"line":37},"5":{"name":"(anonymous_5)","decl":{"start":{"line":40,"column":12},"end":{"line":40,"column":13}},"loc":{"start":{"line":40,"column":18},"end":{"line":47,"column":3}},"line":40},"6":{"name":"(anonymous_6)","decl":{"start":{"line":49,"column":22},"end":{"line":49,"column":23}},"loc":{"start":{"line":49,"column":39},"end":{"line":74,"column":3}},"line":49},"7":{"name":"(anonymous_7)","decl":{"start":{"line":62,"column":17},"end":{"line":62,"column":18}},"loc":{"start":{"line":62,"column":23},"end":{"line":64,"column":7}},"line":62},"8":{"name":"(anonymous_8)","decl":{"start":{"line":70,"column":17},"end":{"line":70,"column":18}},"loc":{"start":{"line":70,"column":23},"end":{"line":72,"column":7}},"line":70},"9":{"name":"(anonymous_9)","decl":{"start":{"line":76,"column":23},"end":{"line":76,"column":24}},"loc":{"start":{"line":76,"column":40},"end":{"line":82,"column":3}},"line":76},"10":{"name":"(anonymous_10)","decl":{"start":{"line":84,"column":18},"end":{"line":84,"column":19}},"loc":{"start":{"line":84,"column":40},"end":{"line":110,"column":3}},"line":84},"11":{"name":"(anonymous_11)","decl":{"start":{"line":96,"column":17},"end":{"line":96,"column":18}},"loc":{"start":{"line":96,"column":23},"end":{"line":98,"column":7}},"line":96},"12":{"name":"(anonymous_12)","decl":{"start":{"line":106,"column":17},"end":{"line":106,"column":18}},"loc":{"start":{"line":106,"column":23},"end":{"line":108,"column":7}},"line":106},"13":{"name":"(anonymous_13)","decl":{"start":{"line":112,"column":21},"end":{"line":112,"column":22}},"loc":{"start":{"line":112,"column":37},"end":{"line":129,"column":3}},"line":112},"14":{"name":"(anonymous_14)","decl":{"start":{"line":120,"column":17},"end":{"line":120,"column":18}},"loc":{"start":{"line":120,"column":23},"end":{"line":122,"column":7}},"line":120},"15":{"name":"(anonymous_15)","decl":{"start":{"line":125,"column":17},"end":{"line":125,"column":18}},"loc":{"start":{"line":125,"column":23},"end":{"line":127,"column":7}},"line":125},"16":{"name":"(anonymous_16)","decl":{"start":{"line":131,"column":22},"end":{"line":131,"column":23}},"loc":{"start":{"line":131,"column":38},"end":{"line":148,"column":3}},"line":131},"17":{"name":"(anonymous_17)","decl":{"start":{"line":139,"column":17},"end":{"line":139,"column":18}},"loc":{"start":{"line":139,"column":23},"end":{"line":141,"column":7}},"line":139},"18":{"name":"(anonymous_18)","decl":{"start":{"line":144,"column":17},"end":{"line":144,"column":18}},"loc":{"start":{"line":144,"column":23},"end":{"line":146,"column":7}},"line":144},"19":{"name":"(anonymous_19)","decl":{"start":{"line":150,"column":22},"end":{"line":150,"column":23}},"loc":{"start":{"line":151,"column":4},"end":{"line":164,"column":10}},"line":151},"20":{"name":"(anonymous_20)","decl":{"start":{"line":167,"column":19},"end":{"line":167,"column":20}},"loc":{"start":{"line":168,"column":4},"end":{"line":218,"column":10}},"line":168},"21":{"name":"(anonymous_21)","decl":{"start":{"line":170,"column":14},"end":{"line":170,"column":15}},"loc":{"start":{"line":170,"column":24},"end":{"line":170,"column":41}},"line":170},"22":{"name":"(anonymous_22)","decl":{"start":{"line":171,"column":13},"end":{"line":171,"column":14}},"loc":{"start":{"line":172,"column":10},"end":{"line":216,"column":16}},"line":172},"23":{"name":"(anonymous_23)","decl":{"start":{"line":190,"column":25},"end":{"line":190,"column":26}},"loc":{"start":{"line":190,"column":31},"end":{"line":190,"column":48}},"line":190},"24":{"name":"(anonymous_24)","decl":{"start":{"line":203,"column":27},"end":{"line":203,"column":28}},"loc":{"start":{"line":203,"column":33},"end":{"line":209,"column":19}},"line":203}},"branchMap":{"0":{"loc":{"start":{"line":42,"column":4},"end":{"line":46,"column":5}},"type":"if","locations":[{"start":{"line":42,"column":4},"end":{"line":46,"column":5}},{"start":{"line":42,"column":4},"end":{"line":46,"column":5}}],"line":42},"1":{"loc":{"start":{"line":196,"column":15},"end":{"line":196,"column":56}},"type":"binary-expr","locations":[{"start":{"line":196,"column":15},"end":{"line":196,"column":38}},{"start":{"line":196,"column":42},"end":{"line":196,"column":56}}],"line":196},"2":{"loc":{"start":{"line":199,"column":15},"end":{"line":213,"column":15}},"type":"binary-expr","locations":[{"start":{"line":199,"column":15},"end":{"line":199,"column":38}},{"start":{"line":199,"column":42},"end":{"line":199,"column":70}},{"start":{"line":200,"column":16},"end":{"line":212,"column":25}}],"line":199},"3":{"loc":{"start":{"line":204,"column":20},"end":{"line":208,"column":21}},"type":"if","locations":[{"start":{"line":204,"column":20},"end":{"line":208,"column":21}},{"start":{"line":204,"column":20},"end":{"line":208,"column":21}}],"line":204},"4":{"loc":{"start":{"line":227,"column":9},"end":{"line":227,"column":78}},"type":"binary-expr","locations":[{"start":{"line":227,"column":9},"end":{"line":227,"column":30}},{"start":{"line":227,"column":34},"end":{"line":227,"column":78}}],"line":227},"5":{"loc":{"start":{"line":229,"column":9},"end":{"line":237,"column":9}},"type":"binary-expr","locations":[{"start":{"line":229,"column":9},"end":{"line":229,"column":22}},{"start":{"line":230,"column":10},"end":{"line":236,"column":12}}],"line":229},"6":{"loc":{"start":{"line":238,"column":9},"end":{"line":238,"column":39}},"type":"binary-expr","locations":[{"start":{"line":238,"column":9},"end":{"line":238,"column":22}},{"start":{"line":238,"column":26},"end":{"line":238,"column":39}}],"line":238},"7":{"loc":{"start":{"line":239,"column":9},"end":{"line":243,"column":9}},"type":"binary-expr","locations":[{"start":{"line":239,"column":9},"end":{"line":239,"column":22}},{"start":{"line":240,"column":10},"end":{"line":242,"column":22}}],"line":239},"8":{"loc":{"start":{"line":246,"column":9},"end":{"line":246,"column":36}},"type":"binary-expr","locations":[{"start":{"line":246,"column":9},"end":{"line":246,"column":22}},{"start":{"line":246,"column":26},"end":{"line":246,"column":36}}],"line":246}},"s":{"0":0,"1":0,"2":0,"3":0,"4":0,"5":0,"6":0,"7":0,"8":0,"9":0,"10":0,"11":0,"12":0,"13":0,"14":0,"15":0,"16":0,"17":0,"18":0,"19":0,"20":0,"21":0,"22":0,"23":0,"24":0,"25":0,"26":0,"27":0,"28":0,"29":0,"30":0,"31":0,"32":0,"33":0,"34":0,"35":0,"36":0,"37":0,"38":0,"39":0,"40":0,"41":0,"42":0,"43":0,"44":0,"45":0,"46":0,"47":0,"48":0,"49":0,"50":0,"51":0,"52":0,"53":0,"54":0,"55":0,"56":0,"57":0,"58":0,"59":0,"60":0,"61":0,"62":0,"63":0,"64":0,"65":0,"66":0,"67":0,"68":0,"69":0,"70":0,"71":0,"72":0,"73":0,"74":0,"75":0,"76":0,"77":0,"78":0,"79":0},"f":{"0":0,"1":0,"2":0,"3":0,"4":0,"5":0,"6":0,"7":0,"8":0,"9":0,"10":0,"11":0,"12":0,"13":0,"14":0,"15":0,"16":0,"17":0,"18":0,"19":0,"20":0,"21":0,"22":0,"23":0,"24":0},"b":{"0":[0,0],"1":[0,0],"2":[0,0,0],"3":[0,0],"4":[0,0],"5":[0,0],"6":[0,0],"7":[0,0],"8":[0,0]},"hash":"414911ad22f1f322f399109903ed8f16813210e9"}
,"/Users/danielgawne/Documents/projects/fullstackopen/part5/src/index.js": {"path":"/Users/danielgawne/Documents/projects/fullstackopen/part5/src/index.js","statementMap":{"0":{"start":{"line":5,"column":0},"end":{"line":5,"column":57}}},"fnMap":{},"branchMap":{},"s":{"0":0},"f":{},"b":{},"hash":"3769385f03677a7b063b49f223a1cb208cc8f4d2"}
,"/Users/danielgawne/Documents/projects/fullstackopen/part5/src/components/Blog.js": {"path":"/Users/danielgawne/Documents/projects/fullstackopen/part5/src/components/Blog.js","statementMap":{"0":{"start":{"line":2,"column":13},"end":{"line":6,"column":1}},"1":{"start":{"line":3,"column":2},"end":{"line":5,"column":8}}},"fnMap":{"0":{"name":"(anonymous_0)","decl":{"start":{"line":2,"column":13},"end":{"line":2,"column":14}},"loc":{"start":{"line":3,"column":2},"end":{"line":5,"column":8}},"line":3}},"branchMap":{},"s":{"0":2,"1":3},"f":{"0":3},"b":{},"_coverageSchema":"43e27e138ebf9cfc5966b082cf9a028302ed4184","hash":"a6b3684a6f32958afc7b1be1f29cc41096830744"}
,"/Users/danielgawne/Documents/projects/fullstackopen/part5/src/components/BlogForm.js": {"path":"/Users/danielgawne/Documents/projects/fullstackopen/part5/src/components/BlogForm.js","statementMap":{"0":{"start":{"line":5,"column":17},"end":{"line":61,"column":1}},"1":{"start":{"line":6,"column":34},"end":{"line":6,"column":46}},"2":{"start":{"line":7,"column":36},"end":{"line":7,"column":48}},"3":{"start":{"line":8,"column":30},"end":{"line":8,"column":49}},"4":{"start":{"line":10,"column":18},"end":{"line":20,"column":3}},"5":{"start":{"line":11,"column":4},"end":{"line":11,"column":26}},"6":{"start":{"line":12,"column":4},"end":{"line":16,"column":6}},"7":{"start":{"line":17,"column":4},"end":{"line":17,"column":19}},"8":{"start":{"line":18,"column":4},"end":{"line":18,"column":20}},"9":{"start":{"line":19,"column":4},"end":{"line":19,"column":24}},"10":{"start":{"line":22,"column":2},"end":{"line":60,"column":3}},"11":{"start":{"line":27,"column":36},"end":{"line":27,"column":61}},"12":{"start":{"line":35,"column":36},"end":{"line":35,"column":62}},"13":{"start":{"line":44,"column":36},"end":{"line":44,"column":59}}},"fnMap":{"0":{"name":"(anonymous_0)","decl":{"start":{"line":5,"column":17},"end":{"line":5,"column":18}},"loc":{"start":{"line":5,"column":37},"end":{"line":61,"column":1}},"line":5},"1":{"name":"(anonymous_1)","decl":{"start":{"line":10,"column":18},"end":{"line":10,"column":19}},"loc":{"start":{"line":10,"column":29},"end":{"line":20,"column":3}},"line":10},"2":{"name":"(anonymous_2)","decl":{"start":{"line":27,"column":20},"end":{"line":27,"column":21}},"loc":{"start":{"line":27,"column":36},"end":{"line":27,"column":61}},"line":27},"3":{"name":"(anonymous_3)","decl":{"start":{"line":35,"column":20},"end":{"line":35,"column":21}},"loc":{"start":{"line":35,"column":36},"end":{"line":35,"column":62}},"line":35},"4":{"name":"(anonymous_4)","decl":{"start":{"line":44,"column":20},"end":{"line":44,"column":21}},"loc":{"start":{"line":44,"column":36},"end":{"line":44,"column":59}},"line":44}},"branchMap":{},"s":{"0":0,"1":0,"2":0,"3":0,"4":0,"5":0,"6":0,"7":0,"8":0,"9":0,"10":0,"11":0,"12":0,"13":0},"f":{"0":0,"1":0,"2":0,"3":0,"4":0},"b":{},"hash":"022648e1aaafa0a65df688faaddd75c5002ed8ab"}
,"/Users/danielgawne/Documents/projects/fullstackopen/part5/src/components/BlogTable.js": {"path":"/Users/danielgawne/Documents/projects/fullstackopen/part5/src/components/BlogTable.js","statementMap":{"0":{"start":{"line":11,"column":18},"end":{"line":42,"column":1}},"1":{"start":{"line":12,"column":2},"end":{"line":41,"column":4}},"2":{"start":{"line":30,"column":12},"end":{"line":36,"column":23}}},"fnMap":{"0":{"name":"(anonymous_0)","decl":{"start":{"line":11,"column":18},"end":{"line":11,"column":19}},"loc":{"start":{"line":11,"column":33},"end":{"line":42,"column":1}},"line":11},"1":{"name":"(anonymous_1)","decl":{"start":{"line":29,"column":21},"end":{"line":29,"column":22}},"loc":{"start":{"line":30,"column":12},"end":{"line":36,"column":23}},"line":30}},"branchMap":{},"s":{"0":0,"1":0,"2":0},"f":{"0":0,"1":0},"b":{},"hash":"63cdad055a7169ae41155482744c6b2501a1cc14"}
,"/Users/danielgawne/Documents/projects/fullstackopen/part5/src/components/Login.js": {"path":"/Users/danielgawne/Documents/projects/fullstackopen/part5/src/components/Login.js","statementMap":{"0":{"start":{"line":5,"column":18},"end":{"line":48,"column":1}},"1":{"start":{"line":12,"column":2},"end":{"line":47,"column":9}},"2":{"start":{"line":23,"column":34},"end":{"line":23,"column":59}},"3":{"start":{"line":31,"column":34},"end":{"line":31,"column":59}}},"fnMap":{"0":{"name":"(anonymous_0)","decl":{"start":{"line":5,"column":18},"end":{"line":5,"column":19}},"loc":{"start":{"line":12,"column":2},"end":{"line":47,"column":9}},"line":12},"1":{"name":"(anonymous_1)","decl":{"start":{"line":23,"column":18},"end":{"line":23,"column":19}},"loc":{"start":{"line":23,"column":34},"end":{"line":23,"column":59}},"line":23},"2":{"name":"(anonymous_2)","decl":{"start":{"line":31,"column":18},"end":{"line":31,"column":19}},"loc":{"start":{"line":31,"column":34},"end":{"line":31,"column":59}},"line":31}},"branchMap":{},"s":{"0":0,"1":0,"2":0,"3":0},"f":{"0":0,"1":0,"2":0},"b":{},"hash":"0e8dcf29f29019a4239d453bf05fdcea62e74bdc"}
,"/Users/danielgawne/Documents/projects/fullstackopen/part5/src/components/Notification.js": {"path":"/Users/danielgawne/Documents/projects/fullstackopen/part5/src/components/Notification.js","statementMap":{"0":{"start":{"line":4,"column":26},"end":{"line":10,"column":1}},"1":{"start":{"line":5,"column":2},"end":{"line":9,"column":3}}},"fnMap":{"0":{"name":"(anonymous_0)","decl":{"start":{"line":4,"column":26},"end":{"line":4,"column":27}},"loc":{"start":{"line":4,"column":48},"end":{"line":10,"column":1}},"line":4}},"branchMap":{},"s":{"0":0,"1":0},"f":{"0":0},"b":{},"hash":"28f83704b10de22c546af98802fb7efc6652e006"}
,"/Users/danielgawne/Documents/projects/fullstackopen/part5/src/components/Togglable.js": {"path":"/Users/danielgawne/Documents/projects/fullstackopen/part5/src/components/Togglable.js","statementMap":{"0":{"start":{"line":5,"column":18},"end":{"line":47,"column":2}},"1":{"start":{"line":6,"column":32},"end":{"line":6,"column":47}},"2":{"start":{"line":8,"column":26},"end":{"line":8,"column":60}},"3":{"start":{"line":9,"column":26},"end":{"line":9,"column":60}},"4":{"start":{"line":11,"column":27},"end":{"line":13,"column":3}},"5":{"start":{"line":12,"column":4},"end":{"line":12,"column":25}},"6":{"start":{"line":15,"column":2},"end":{"line":19,"column":5}},"7":{"start":{"line":16,"column":4},"end":{"line":18,"column":6}},"8":{"start":{"line":21,"column":2},"end":{"line":46,"column":4}},"9":{"start":{"line":49,"column":0},"end":{"line":51,"column":2}},"10":{"start":{"line":53,"column":0},"end":{"line":53,"column":36}}},"fnMap":{"0":{"name":"(anonymous_0)","decl":{"start":{"line":5,"column":35},"end":{"line":5,"column":36}},"loc":{"start":{"line":5,"column":51},"end":{"line":47,"column":1}},"line":5},"1":{"name":"(anonymous_1)","decl":{"start":{"line":11,"column":27},"end":{"line":11,"column":28}},"loc":{"start":{"line":11,"column":33},"end":{"line":13,"column":3}},"line":11},"2":{"name":"(anonymous_2)","decl":{"start":{"line":15,"column":27},"end":{"line":15,"column":28}},"loc":{"start":{"line":15,"column":33},"end":{"line":19,"column":3}},"line":15}},"branchMap":{"0":{"loc":{"start":{"line":8,"column":37},"end":{"line":8,"column":58}},"type":"cond-expr","locations":[{"start":{"line":8,"column":47},"end":{"line":8,"column":53}},{"start":{"line":8,"column":56},"end":{"line":8,"column":58}}],"line":8},"1":{"loc":{"start":{"line":9,"column":37},"end":{"line":9,"column":58}},"type":"cond-expr","locations":[{"start":{"line":9,"column":47},"end":{"line":9,"column":49}},{"start":{"line":9,"column":52},"end":{"line":9,"column":58}}],"line":9}},"s":{"0":1,"1":3,"2":3,"3":3,"4":3,"5":1,"6":3,"7":0,"8":3,"9":1,"10":1},"f":{"0":3,"1":1,"2":0},"b":{"0":[1,2],"1":[1,2]},"_coverageSchema":"43e27e138ebf9cfc5966b082cf9a028302ed4184","hash":"ae59d5eee5c2e6355720772a6635e0854c0c1967"}
,"/Users/danielgawne/Documents/projects/fullstackopen/part5/src/services/blogs.js": {"path":"/Users/danielgawne/Documents/projects/fullstackopen/part5/src/services/blogs.js","statementMap":{"0":{"start":{"line":2,"column":16},"end":{"line":2,"column":28}},"1":{"start":{"line":4,"column":12},"end":{"line":4,"column":16}},"2":{"start":{"line":5,"column":17},"end":{"line":7,"column":1}},"3":{"start":{"line":6,"column":2},"end":{"line":6,"column":31}},"4":{"start":{"line":9,"column":15},"end":{"line":12,"column":1}},"5":{"start":{"line":10,"column":18},"end":{"line":10,"column":36}},"6":{"start":{"line":11,"column":2},"end":{"line":11,"column":51}},"7":{"start":{"line":11,"column":36},"end":{"line":11,"column":49}},"8":{"start":{"line":14,"column":15},"end":{"line":20,"column":1}},"9":{"start":{"line":15,"column":17},"end":{"line":17,"column":3}},"10":{"start":{"line":18,"column":19},"end":{"line":18,"column":63}},"11":{"start":{"line":19,"column":2},"end":{"line":19,"column":23}},"12":{"start":{"line":22,"column":14},"end":{"line":29,"column":1}},"13":{"start":{"line":23,"column":19},"end":{"line":25,"column":3}},"14":{"start":{"line":27,"column":19},"end":{"line":27,"column":76}},"15":{"start":{"line":28,"column":2},"end":{"line":28,"column":23}},"16":{"start":{"line":31,"column":15},"end":{"line":37,"column":1}},"17":{"start":{"line":32,"column":17},"end":{"line":34,"column":3}},"18":{"start":{"line":35,"column":19},"end":{"line":35,"column":75}},"19":{"start":{"line":36,"column":2},"end":{"line":36,"column":23}}},"fnMap":{"0":{"name":"(anonymous_0)","decl":{"start":{"line":5,"column":17},"end":{"line":5,"column":18}},"loc":{"start":{"line":5,"column":31},"end":{"line":7,"column":1}},"line":5},"1":{"name":"(anonymous_1)","decl":{"start":{"line":9,"column":15},"end":{"line":9,"column":16}},"loc":{"start":{"line":9,"column":21},"end":{"line":12,"column":1}},"line":9},"2":{"name":"(anonymous_2)","decl":{"start":{"line":11,"column":22},"end":{"line":11,"column":23}},"loc":{"start":{"line":11,"column":36},"end":{"line":11,"column":49}},"line":11},"3":{"name":"(anonymous_3)","decl":{"start":{"line":14,"column":15},"end":{"line":14,"column":16}},"loc":{"start":{"line":14,"column":36},"end":{"line":20,"column":1}},"line":14},"4":{"name":"(anonymous_4)","decl":{"start":{"line":22,"column":14},"end":{"line":22,"column":15}},"loc":{"start":{"line":22,"column":45},"end":{"line":29,"column":1}},"line":22},"5":{"name":"(anonymous_5)","decl":{"start":{"line":31,"column":15},"end":{"line":31,"column":16}},"loc":{"start":{"line":31,"column":39},"end":{"line":37,"column":1}},"line":31}},"branchMap":{},"s":{"0":0,"1":0,"2":0,"3":0,"4":0,"5":0,"6":0,"7":0,"8":0,"9":0,"10":0,"11":0,"12":0,"13":0,"14":0,"15":0,"16":0,"17":0,"18":0,"19":0},"f":{"0":0,"1":0,"2":0,"3":0,"4":0,"5":0},"b":{},"hash":"8dbadf47863a257723078239c5d206fc14c1c7dd"}
,"/Users/danielgawne/Documents/projects/fullstackopen/part5/src/services/login.js": {"path":"/Users/danielgawne/Documents/projects/fullstackopen/part5/src/services/login.js","statementMap":{"0":{"start":{"line":2,"column":16},"end":{"line":2,"column":28}},"1":{"start":{"line":4,"column":14},"end":{"line":7,"column":1}},"2":{"start":{"line":5,"column":19},"end":{"line":5,"column":57}},"3":{"start":{"line":6,"column":2},"end":{"line":6,"column":22}}},"fnMap":{"0":{"name":"(anonymous_0)","decl":{"start":{"line":4,"column":14},"end":{"line":4,"column":15}},"loc":{"start":{"line":4,"column":37},"end":{"line":7,"column":1}},"line":4}},"branchMap":{},"s":{"0":0,"1":0,"2":0,"3":0},"f":{"0":0},"b":{},"hash":"a30404e4f4568bddf8cd430874daf499569e7e52"}
}
